<?xml version="1.0" encoding="UTF-8"?>
<!-- Generated by org.testng.reporters.JUnitReportReporter -->
<testsuite hostname="Sarvya-PC" failures="0" tests="1" name="ActiTimeTestCases.TaskDeletionTest" time="4.317" errors="0" timestamp="2024-03-12T14:45:33 IST" skipped="0">
  <testcase classname="ActiTimeTestCases.TaskDeletionTest" name="deletetask" time="4.317"/>
</testsuite> <!-- ActiTimeTestCases.TaskDeletionTest -->
