<?xml version="1.0" encoding="UTF-8"?>
<!-- Generated by org.testng.reporters.JUnitReportReporter -->
<testsuite hostname="Sarvya-PC" failures="0" tests="1" name="Com.cs.tests.FlipkartTestCase" time="9.744" errors="0" timestamp="2024-02-22T14:39:47 IST" skipped="0">
  <testcase classname="Com.cs.tests.FlipkartTestCase" name="searchTest" time="9.744"/>
</testsuite> <!-- Com.cs.tests.FlipkartTestCase -->
