<?xml version="1.0" encoding="UTF-8"?>
<!-- Generated by org.testng.reporters.JUnitReportReporter -->
<testsuite hostname="Sarvya-PC" failures="0" tests="1" name="ActiTimeTestCases.ProjectCreationTest" time="3.790" errors="0" timestamp="2024-03-11T17:52:52 IST" skipped="0">
  <testcase classname="ActiTimeTestCases.ProjectCreationTest" name="createProject" time="3.790"/>
</testsuite> <!-- ActiTimeTestCases.ProjectCreationTest -->
