<?xml version="1.0" encoding="UTF-8"?>
<!-- Generated by org.testng.reporters.JUnitReportReporter -->
<testsuite hostname="Sarvya-PC" failures="0" tests="1" name="ActiTimeTestCases.CustomerDeletionTest" time="6.685" errors="0" timestamp="2024-03-12T15:29:51 IST" skipped="0">
  <testcase classname="ActiTimeTestCases.CustomerDeletionTest" name="deleteCustomer" time="6.685"/>
</testsuite> <!-- ActiTimeTestCases.CustomerDeletionTest -->
