<?xml version="1.0" encoding="UTF-8"?>
<!-- Generated by org.testng.reporters.JUnitReportReporter -->
<testsuite hostname="Sarvya-PC" failures="0" tests="2" name="Com.cs.tests.FlipkartTest" time="17.299" errors="0" timestamp="2024-02-13T17:45:46 IST" skipped="0">
  <testcase classname="Com.cs.tests.FlipkartTest" name="test2" time="8.619"/>
  <testcase classname="Com.cs.tests.FlipkartTest" name="test1" time="8.680"/>
</testsuite> <!-- Com.cs.tests.FlipkartTest -->
