<?xml version="1.0" encoding="UTF-8"?>
<!-- Generated by org.testng.reporters.JUnitReportReporter -->
<testsuite hostname="Sarvya-PC" failures="0" tests="1" name="ActiTimeTestCases.UserCreationTest" time="5.886" errors="0" timestamp="2024-03-10T20:58:32 IST" skipped="0">
  <testcase classname="ActiTimeTestCases.UserCreationTest" name="createUserTest" time="5.886"/>
</testsuite> <!-- ActiTimeTestCases.UserCreationTest -->
