<?xml version="1.0" encoding="UTF-8"?>
<!-- Generated by org.testng.reporters.JUnitReportReporter -->
<testsuite hostname="Sarvya-PC" failures="0" tests="1" name="ActiTimeTestCases.ProjectAndCustomerCreationTest" time="3.688" errors="0" timestamp="2024-03-11T17:39:42 IST" skipped="0">
  <testcase classname="ActiTimeTestCases.ProjectAndCustomerCreationTest" name="createCustAndProject" time="3.688"/>
</testsuite> <!-- ActiTimeTestCases.ProjectAndCustomerCreationTest -->
