<?xml version="1.0" encoding="UTF-8"?>
<!-- Generated by org.testng.reporters.JUnitReportReporter -->
<testsuite hostname="Sarvya-PC" failures="0" tests="1" name="ActiTimeTestCases.ProjectDeletionTest" time="6.029" errors="0" timestamp="2024-03-12T14:48:23 IST" skipped="0">
  <testcase classname="ActiTimeTestCases.ProjectDeletionTest" name="projectdeletion" time="6.029"/>
</testsuite> <!-- ActiTimeTestCases.ProjectDeletionTest -->
