<?xml version="1.0" encoding="UTF-8"?>
<!-- Generated by org.testng.reporters.JUnitReportReporter -->
<testsuite hostname="Sarvya-PC" failures="0" tests="1" name="Com.cs.tests.HomePageTests" time="5.285" errors="0" timestamp="2024-02-13T17:45:46 IST" skipped="0">
  <testcase classname="Com.cs.tests.HomePageTests" name="test3" time="5.285"/>
</testsuite> <!-- Com.cs.tests.HomePageTests -->
