<?xml version="1.0" encoding="UTF-8"?>
<!-- Generated by org.testng.reporters.JUnitReportReporter -->
<testsuite hostname="Sarvya-PC" failures="0" tests="3" name="Com.cs.tests.HomePageTest" time="21.485" errors="0" timestamp="2024-02-12T15:04:30 IST" skipped="0">
  <testcase classname="Com.cs.tests.HomePageTest" name="test1" time="8.304"/>
  <testcase classname="Com.cs.tests.HomePageTest" name="test2" time="9.689"/>
  <testcase classname="Com.cs.tests.HomePageTest" name="test3" time="3.492"/>
</testsuite> <!-- Com.cs.tests.HomePageTest -->
