<?xml version="1.0" encoding="UTF-8"?>
<!-- Generated by org.testng.reporters.JUnitReportReporter -->
<testsuite hostname="Sarvya-PC" failures="0" tests="1" name="Com.cs.tests.DepartmentCreationTest" time="8.349" errors="0" timestamp="2024-03-10T20:04:04 IST" skipped="0">
  <testcase classname="Com.cs.tests.DepartmentCreationTest" name="createDepartment" time="8.349"/>
</testsuite> <!-- Com.cs.tests.DepartmentCreationTest -->
