<?xml version="1.0" encoding="UTF-8"?>
<!-- Generated by org.testng.reporters.JUnitReportReporter -->
<testsuite hostname="Sarvya-PC" failures="0" tests="1" name="Com.cs.tests.ActiTimeTestCase" time="13.919" errors="0" timestamp="2024-02-15T18:27:07 IST" skipped="0">
  <testcase classname="Com.cs.tests.ActiTimeTestCase" name="userCreatingTest" time="13.919"/>
</testsuite> <!-- Com.cs.tests.ActiTimeTestCase -->
