<?xml version="1.0" encoding="UTF-8"?>
<!-- Generated by org.testng.reporters.JUnitReportReporter -->
<testsuite hostname="Sarvya-PC" failures="0" tests="1" name="ActiTimeTestCases.TaskCreationTest" time="12.808" errors="0" timestamp="2024-03-11T18:05:01 IST" skipped="0">
  <testcase classname="ActiTimeTestCases.TaskCreationTest" name="createTask" time="12.808"/>
</testsuite> <!-- ActiTimeTestCases.TaskCreationTest -->
