<?xml version="1.0" encoding="UTF-8"?>
<!-- Generated by org.testng.reporters.JUnitReportReporter -->
<testsuite hostname="Sarvya-PC" failures="0" tests="1" name="ActiTimeTestCases.DepartmentCreationTest" time="8.990" errors="0" timestamp="2024-03-10T20:31:52 IST" skipped="0">
  <testcase classname="ActiTimeTestCases.DepartmentCreationTest" name="createDepartment" time="8.990"/>
</testsuite> <!-- ActiTimeTestCases.DepartmentCreationTest -->
